[04-Aug-2025 10:21:43 Europe/Berlin] === SIGNUP_ENHANCED.PHP STARTED ===
[04-Aug-2025 14:06:43 Asia/Kathmandu] Header included successfully
[04-Aug-2025 10:22:25 Europe/Berlin] === SIGNUP_ENHANCED.PHP STARTED ===
[04-Aug-2025 14:07:25 Asia/Kathmandu] Header included successfully
[04-Aug-2025 10:23:07 Europe/Berlin] === SIGNUP_ENHANCED.PHP STARTED ===
[04-Aug-2025 14:08:07 Asia/Kathmandu] Header included successfully
[04-Aug-2025 10:26:12 Europe/Berlin] === SIGNUP_ENHANCED.PHP STARTED - CLEAN VERSION ===
[04-Aug-2025 10:26:55 Europe/Berlin] === SIGNUP_ENHANCED.PHP STARTED - CLEAN VERSION ===
[04-Aug-2025 10:28:18 Europe/Berlin] === SIGNUP_ENHANCED.PHP STARTED - CLEAN VERSION ===
[04-Aug-2025 14:13:18 Asia/Kathmandu] Form submission detected
[04-Aug-2025 14:13:18 Asia/Kathmandu] Registration processed for: komala adhikaris (Property Owner)
[04-Aug-2025 10:28:43 Europe/Berlin] === SIGNUP_ENHANCED.PHP STARTED - CLEAN VERSION ===
[04-Aug-2025 10:30:18 Europe/Berlin] === SIGNUP_ENHANCED.PHP STARTED - CLEAN VERSION ===
[04-Aug-2025 10:31:24 Europe/Berlin] === SIGNUP_ENHANCED.PHP STARTED - CLEAN VERSION ===
[04-Aug-2025 14:16:24 Asia/Kathmandu] Form submission detected
[04-Aug-2025 14:16:24 Asia/Kathmandu] Registration processed for: komala harish (Property Owner)
[04-Aug-2025 10:31:39 Europe/Berlin] === SIGNUP_ENHANCED.PHP STARTED - CLEAN VERSION ===
[04-Aug-2025 10:32:49 Europe/Berlin] === SIGNUP_ENHANCED.PHP STARTED - CLEAN VERSION ===
[04-Aug-2025 10:33:14 Europe/Berlin] === SIGNUP_ENHANCED.PHP STARTED - CLEAN VERSION ===
[04-Aug-2025 10:33:19 Europe/Berlin] === SIGNUP_ENHANCED.PHP STARTED - CLEAN VERSION ===
[04-Aug-2025 10:38:41 Europe/Berlin] === SIGNUP_ENHANCED.PHP STARTED - CLEAN VERSION ===
[04-Aug-2025 10:38:50 Europe/Berlin] === SIGNUP_ENHANCED.PHP STARTED - CLEAN VERSION ===
[04-Aug-2025 10:39:15 Europe/Berlin] === SIGNUP_ENHANCED.PHP STARTED - CLEAN VERSION ===
[04-Aug-2025 10:40:46 Europe/Berlin] === SIGNUP_ENHANCED.PHP STARTED - CLEAN VERSION ===
[04-Aug-2025 10:40:55 Europe/Berlin] === SIGNUP_ENHANCED.PHP STARTED - CLEAN VERSION ===
[04-Aug-2025 10:41:31 Europe/Berlin] === SIGNUP_ENHANCED.PHP STARTED - CLEAN VERSION ===
[04-Aug-2025 14:26:31 Asia/Kathmandu] Form submission detected
[04-Aug-2025 14:26:31 Asia/Kathmandu] Registration processed for: Komala Adhinka (Property Owner)
[04-Aug-2025 10:44:16 Europe/Berlin] === SIGNUP_ENHANCED.PHP STARTED - CLEAN VERSION ===
[04-Aug-2025 10:45:43 Europe/Berlin] === SIGNUP_ENHANCED.PHP STARTED - CLEAN VERSION ===
[04-Aug-2025 14:30:43 Asia/Kathmandu] Form submission detected
[04-Aug-2025 14:30:43 Asia/Kathmandu] Registration processed for: komal shrestha (Property Owner)
[04-Aug-2025 10:46:01 Europe/Berlin] === SIGNUP_ENHANCED.PHP STARTED - CLEAN VERSION ===
[04-Aug-2025 10:47:37 Europe/Berlin] === SIGNUP_ENHANCED.PHP STARTED - CLEAN VERSION ===
[04-Aug-2025 14:32:37 Asia/Kathmandu] Form submission detected
[04-Aug-2025 14:32:37 Asia/Kathmandu] Registration processed for: komal pradhan (Real Estate Agent)
[04-Aug-2025 11:02:20 Europe/Berlin] === SIGNUP_ENHANCED.PHP STARTED - CLEAN VERSION ===
[04-Aug-2025 11:04:23 Europe/Berlin] === SIGNUP_ENHANCED.PHP STARTED - CLEAN VERSION ===
[04-Aug-2025 14:49:23 Asia/Kathmandu] Form submission detected
[04-Aug-2025 14:49:23 Asia/Kathmandu] Registration processed for: Komala Adhinka (Property Owner)
[04-Aug-2025 14:54:49 Asia/Kathmandu] Classes included successfully
[04-Aug-2025 14:54:49 Asia/Kathmandu] === SIGNUP_ENHANCED.PHP STARTED ===
[04-Aug-2025 14:54:49 Asia/Kathmandu] PHP Fatal error:  Cannot declare class Database, because the name is already in use in C:\xampp\htdocs\house-rental-system\Dynamic-Site\lib\Database.php on line 5
[04-Aug-2025 14:56:00 Asia/Kathmandu] Classes included successfully
[04-Aug-2025 14:56:00 Asia/Kathmandu] === SIGNUP_ENHANCED.PHP STARTED ===
[04-Aug-2025 14:56:00 Asia/Kathmandu] PHP Fatal error:  Cannot declare class Database, because the name is already in use in C:\xampp\htdocs\house-rental-system\Dynamic-Site\lib\Database.php on line 5
[04-Aug-2025 14:56:04 Asia/Kathmandu] Classes included successfully
[04-Aug-2025 14:56:04 Asia/Kathmandu] === SIGNUP_ENHANCED.PHP STARTED ===
[04-Aug-2025 14:56:04 Asia/Kathmandu] PHP Fatal error:  Cannot declare class Database, because the name is already in use in C:\xampp\htdocs\house-rental-system\Dynamic-Site\lib\Database.php on line 5
[04-Aug-2025 14:56:08 Asia/Kathmandu] Classes included successfully
[04-Aug-2025 14:56:08 Asia/Kathmandu] === SIGNUP_ENHANCED.PHP STARTED ===
[04-Aug-2025 14:56:08 Asia/Kathmandu] PHP Fatal error:  Cannot declare class Database, because the name is already in use in C:\xampp\htdocs\house-rental-system\Dynamic-Site\lib\Database.php on line 5
[04-Aug-2025 14:59:19 Asia/Kathmandu] Classes included successfully
[04-Aug-2025 14:59:19 Asia/Kathmandu] === SIGNUP_ENHANCED.PHP STARTED ===
[04-Aug-2025 14:59:19 Asia/Kathmandu] PHP Fatal error:  Cannot declare class Database, because the name is already in use in C:\xampp\htdocs\house-rental-system\Dynamic-Site\lib\Database.php on line 5
[04-Aug-2025 15:00:53 Asia/Kathmandu] Classes included successfully
[04-Aug-2025 15:00:53 Asia/Kathmandu] === SIGNUP_ENHANCED.PHP STARTED ===
[04-Aug-2025 15:00:53 Asia/Kathmandu] PHP Fatal error:  Cannot declare class Database, because the name is already in use in C:\xampp\htdocs\house-rental-system\Dynamic-Site\lib\Database.php on line 5
[04-Aug-2025 15:00:54 Asia/Kathmandu] Classes included successfully
[04-Aug-2025 15:00:54 Asia/Kathmandu] === SIGNUP_ENHANCED.PHP STARTED ===
[04-Aug-2025 15:00:54 Asia/Kathmandu] PHP Fatal error:  Cannot declare class Database, because the name is already in use in C:\xampp\htdocs\house-rental-system\Dynamic-Site\lib\Database.php on line 5
[04-Aug-2025 15:00:57 Asia/Kathmandu] Classes included successfully
[04-Aug-2025 15:00:57 Asia/Kathmandu] === SIGNUP_ENHANCED.PHP STARTED ===
[04-Aug-2025 15:00:57 Asia/Kathmandu] PHP Fatal error:  Cannot declare class Database, because the name is already in use in C:\xampp\htdocs\house-rental-system\Dynamic-Site\lib\Database.php on line 5
[04-Aug-2025 15:02:20 Asia/Kathmandu] Classes included successfully
[04-Aug-2025 15:02:20 Asia/Kathmandu] === SIGNUP_ENHANCED.PHP STARTED ===
[04-Aug-2025 15:02:20 Asia/Kathmandu] PHP Fatal error:  Cannot declare class Database, because the name is already in use in C:\xampp\htdocs\house-rental-system\Dynamic-Site\lib\Database.php on line 5
[04-Aug-2025 15:03:58 Asia/Kathmandu] Classes included successfully
[04-Aug-2025 15:03:58 Asia/Kathmandu] === SIGNUP_ENHANCED.PHP STARTED ===
[04-Aug-2025 15:03:58 Asia/Kathmandu] PHP Fatal error:  Cannot redeclare class Database (previously declared in C:\xampp\htdocs\house-rental-system\Dynamic-Site\lib\Database.php:5) in C:\xampp\htdocs\house-rental-system\Dynamic-Site\lib\Database.php on line 5
[04-Aug-2025 15:04:50 Asia/Kathmandu] Classes included successfully
[04-Aug-2025 15:04:50 Asia/Kathmandu] === SIGNUP_ENHANCED.PHP STARTED ===
[04-Aug-2025 15:04:50 Asia/Kathmandu] PHP Fatal error:  Cannot declare class Database, because the name is already in use in C:\xampp\htdocs\house-rental-system\Dynamic-Site\lib\Database.php on line 5
[04-Aug-2025 15:06:47 Asia/Kathmandu] Classes included successfully
[04-Aug-2025 15:06:47 Asia/Kathmandu] === SIGNUP_ENHANCED.PHP STARTED ===
[04-Aug-2025 15:06:47 Asia/Kathmandu] PHP Fatal error:  Cannot declare class Database, because the name is already in use in C:\xampp\htdocs\house-rental-system\Dynamic-Site\lib\Database.php on line 5
[04-Aug-2025 15:06:48 Asia/Kathmandu] Classes included successfully
[04-Aug-2025 15:06:48 Asia/Kathmandu] === SIGNUP_ENHANCED.PHP STARTED ===
[04-Aug-2025 15:06:48 Asia/Kathmandu] PHP Fatal error:  Cannot declare class Database, because the name is already in use in C:\xampp\htdocs\house-rental-system\Dynamic-Site\lib\Database.php on line 5
[04-Aug-2025 15:06:49 Asia/Kathmandu] Classes included successfully
[04-Aug-2025 15:06:49 Asia/Kathmandu] === SIGNUP_ENHANCED.PHP STARTED ===
[04-Aug-2025 15:06:49 Asia/Kathmandu] PHP Fatal error:  Cannot declare class Database, because the name is already in use in C:\xampp\htdocs\house-rental-system\Dynamic-Site\lib\Database.php on line 5
[04-Aug-2025 15:06:49 Asia/Kathmandu] Classes included successfully
[04-Aug-2025 15:06:49 Asia/Kathmandu] === SIGNUP_ENHANCED.PHP STARTED ===
[04-Aug-2025 15:06:49 Asia/Kathmandu] PHP Fatal error:  Cannot declare class Database, because the name is already in use in C:\xampp\htdocs\house-rental-system\Dynamic-Site\lib\Database.php on line 5
[04-Aug-2025 15:06:51 Asia/Kathmandu] Classes included successfully
[04-Aug-2025 15:06:51 Asia/Kathmandu] === SIGNUP_ENHANCED.PHP STARTED ===
[04-Aug-2025 15:06:52 Asia/Kathmandu] PHP Fatal error:  Cannot declare class Database, because the name is already in use in C:\xampp\htdocs\house-rental-system\Dynamic-Site\lib\Database.php on line 5
[04-Aug-2025 15:06:54 Asia/Kathmandu] Classes included successfully
[04-Aug-2025 15:06:54 Asia/Kathmandu] === SIGNUP_ENHANCED.PHP STARTED ===
[04-Aug-2025 15:06:54 Asia/Kathmandu] PHP Fatal error:  Cannot declare class Database, because the name is already in use in C:\xampp\htdocs\house-rental-system\Dynamic-Site\lib\Database.php on line 5
[04-Aug-2025 15:07:13 Asia/Kathmandu] Classes included successfully
[04-Aug-2025 15:07:13 Asia/Kathmandu] === SIGNUP_ENHANCED.PHP STARTED ===
[04-Aug-2025 15:07:13 Asia/Kathmandu] PHP Fatal error:  Cannot declare class Database, because the name is already in use in C:\xampp\htdocs\house-rental-system\Dynamic-Site\lib\Database.php on line 5
[04-Aug-2025 15:07:44 Asia/Kathmandu] Classes included successfully
[04-Aug-2025 15:07:44 Asia/Kathmandu] === SIGNUP_ENHANCED.PHP STARTED ===
[04-Aug-2025 15:07:44 Asia/Kathmandu] PHP Fatal error:  Cannot declare class Database, because the name is already in use in C:\xampp\htdocs\house-rental-system\Dynamic-Site\lib\Database.php on line 5
[04-Aug-2025 15:10:45 Asia/Kathmandu] Classes included successfully
[04-Aug-2025 15:10:45 Asia/Kathmandu] === SIGNUP_ENHANCED.PHP STARTED ===
[04-Aug-2025 15:10:45 Asia/Kathmandu] PHP Fatal error:  Cannot redeclare class Database (previously declared in C:\xampp\htdocs\house-rental-system\Dynamic-Site\lib\Database.php:5) in C:\xampp\htdocs\house-rental-system\Dynamic-Site\lib\Database.php on line 5
[04-Aug-2025 15:12:29 Asia/Kathmandu] Classes included successfully
[04-Aug-2025 15:12:29 Asia/Kathmandu] === SIGNUP_ENHANCED.PHP STARTED ===
[04-Aug-2025 15:12:29 Asia/Kathmandu] PHP Fatal error:  Cannot declare class Database, because the name is already in use in C:\xampp\htdocs\house-rental-system\Dynamic-Site\lib\Database.php on line 5
[04-Aug-2025 15:15:55 Asia/Kathmandu] Classes included successfully
[04-Aug-2025 15:15:55 Asia/Kathmandu] === SIGNUP_ENHANCED.PHP STARTED ===
[04-Aug-2025 15:15:55 Asia/Kathmandu] PHP Fatal error:  Cannot redeclare class Database (previously declared in C:\xampp\htdocs\house-rental-system\Dynamic-Site\lib\Database.php:5) in C:\xampp\htdocs\house-rental-system\Dynamic-Site\lib\Database.php on line 5
[04-Aug-2025 15:17:59 Asia/Kathmandu] Classes included successfully
[04-Aug-2025 15:17:59 Asia/Kathmandu] === SIGNUP_ENHANCED.PHP STARTED ===
[04-Aug-2025 15:17:59 Asia/Kathmandu] PHP Warning:  include_once(classes/mysqli.php): Failed to open stream: No such file or directory in C:\xampp\htdocs\house-rental-system\Dynamic-Site\inc\header.php on line 16
[04-Aug-2025 15:17:59 Asia/Kathmandu] PHP Warning:  include_once(): Failed opening 'classes/mysqli.php' for inclusion (include_path='.;C:\php\pear') in C:\xampp\htdocs\house-rental-system\Dynamic-Site\inc\header.php on line 16
[04-Aug-2025 15:17:59 Asia/Kathmandu] PHP Fatal error:  Uncaught Error: Class "mysqli" not found in C:\xampp\htdocs\house-rental-system\Dynamic-Site\lib\Database.php:19
Stack trace:
#0 C:\xampp\htdocs\house-rental-system\Dynamic-Site\lib\Database.php(15): Database->connectDB()
#1 C:\xampp\htdocs\house-rental-system\Dynamic-Site\inc\header.php(19): Database->__construct()
#2 C:\xampp\htdocs\house-rental-system\Dynamic-Site\signup_enhanced.php(35): include('C:\\xampp\\htdocs...')
#3 {main}
  thrown in C:\xampp\htdocs\house-rental-system\Dynamic-Site\lib\Database.php on line 19
[04-Aug-2025 15:18:22 Asia/Kathmandu] Classes included successfully
[04-Aug-2025 15:18:22 Asia/Kathmandu] === SIGNUP_ENHANCED.PHP STARTED ===
[04-Aug-2025 15:18:22 Asia/Kathmandu] Header included successfully
[04-Aug-2025 15:20:06 Asia/Kathmandu] Classes included successfully
[04-Aug-2025 15:20:06 Asia/Kathmandu] === SIGNUP_ENHANCED.PHP STARTED ===
[04-Aug-2025 15:20:06 Asia/Kathmandu] Header included successfully
[04-Aug-2025 15:20:26 Asia/Kathmandu] Classes included successfully
[04-Aug-2025 15:20:27 Asia/Kathmandu] === SIGNUP_ENHANCED.PHP STARTED ===
[04-Aug-2025 15:20:27 Asia/Kathmandu] Header included successfully
[04-Aug-2025 15:21:08 Asia/Kathmandu] Classes included successfully
[04-Aug-2025 15:21:08 Asia/Kathmandu] === SIGNUP_ENHANCED.PHP STARTED ===
[04-Aug-2025 15:21:08 Asia/Kathmandu] Header included successfully
[04-Aug-2025 15:21:09 Asia/Kathmandu] === FORM SUBMISSION DETECTED ===
[04-Aug-2025 15:21:09 Asia/Kathmandu] POST data: Array
(
    [fname] => Komala
    [lname] => Adhinka
    [username] => koma1212
    [email] => jaiswalharry51@gmail.com
    [cellno] => 9883264238
    [password] => 123456
    [cnf_password] => 123456
    [level] => 2
    [address] => bhaktapur,nepal
    [citizenship_id] => 2879437589
    [register] => 
)

[04-Aug-2025 15:21:09 Asia/Kathmandu] Validation passed - initiating email verification
[04-Aug-2025 15:21:09 Asia/Kathmandu] Creating pending verification - Email: jaiswalharry51@gmail.com, Created: 2025-08-04 15:21:09, Pending Expires: 2025-08-04 17:21:09, OTP Expires: 2025-08-04 15:41:09
[04-Aug-2025 15:21:09 Asia/Kathmandu] OTP Insert Query: INSERT INTO tbl_otp (email, otp, purpose, created_at, expires_at, is_used) 
                         VALUES ('jaiswalharry51@gmail.com', 
                                '251334', 
                                'registration', 
                                '2025-08-04 15:21:09', 
                                '2025-08-04 15:41:09',
                                0)
[04-Aug-2025 15:21:09 Asia/Kathmandu] OTP Insert Result: SUCCESS
[04-Aug-2025 15:21:35 Asia/Kathmandu] Classes included successfully
[04-Aug-2025 15:21:35 Asia/Kathmandu] === SIGNUP_ENHANCED.PHP STARTED ===
[04-Aug-2025 15:21:35 Asia/Kathmandu] Header included successfully
[04-Aug-2025 15:21:35 Asia/Kathmandu] === OTP VERIFICATION ATTEMPT ===
[04-Aug-2025 15:21:35 Asia/Kathmandu] Email: jaiswalharry51@gmail.com, OTP: 251334
[04-Aug-2025 15:21:35 Asia/Kathmandu] verifyOTPAndCreateAccount called - Email: jaiswalharry51@gmail.com, OTP: 251334
[04-Aug-2025 15:21:35 Asia/Kathmandu] Checking pending verification: SELECT * FROM tbl_pending_verification 
                        WHERE email = 'jaiswalharry51@gmail.com' 
                        AND expires_at > '2025-08-04 15:21:35'
                        AND is_verified = 0
                        ORDER BY created_at DESC LIMIT 1
[04-Aug-2025 15:21:35 Asia/Kathmandu] Found pending verification - Token: 705d34b090...
[04-Aug-2025 15:21:35 Asia/Kathmandu] Checking OTP: SELECT * FROM tbl_otp 
                    WHERE email = 'jaiswalharry51@gmail.com' 
                    AND otp = '251334' 
                    AND purpose = 'registration' 
                    AND expires_at > '2025-08-04 15:21:35'
                    ORDER BY created_at DESC LIMIT 1
[04-Aug-2025 15:21:35 Asia/Kathmandu] Marked OTP as used for email: jaiswalharry51@gmail.com
[04-Aug-2025 15:21:35 Asia/Kathmandu] Creating user account with query: INSERT INTO tbl_user(firstName, lastName, userName, userImg, userEmail, cellNo, phoneNo, userAddress, userPass, confPass, userLevel, userStatus) 
                     VALUES('Komala',
                            'Adhinka',
                            'koma1212',
                            '',
                            'jaiswalharry51@gmail.com',
                            '9883264238',
                            '',
                            'bhaktapur,nepal',
                            'e10adc3949ba59abbe56e057f20f883e',
                            'e10adc3949ba59abbe56e057f20f883e',
                            '2',
                            0)
[04-Aug-2025 15:21:35 Asia/Kathmandu] Storing user documents - User ID: 1, Email: jaiswalharry51@gmail.com, Username: koma1212, Type: owner, Citizenship ID: 
[04-Aug-2025 15:21:35 Asia/Kathmandu] Insert Query: INSERT INTO tbl_user_verification (user_id, email, userName, user_level, user_type, citizenship_id, citizenship_front, citizenship_back, business_license, verification_status, submitted_at) 
                       VALUES (1, 
                              'jaiswalharry51@gmail.com',
                              'koma1212',
                              2,
                              'owner', 
                              '',
                              NULL, 
                              NULL, 
                              NULL, 
                              'pending', 
                              NOW())
[04-Aug-2025 15:21:35 Asia/Kathmandu] Insert Result: SUCCESS
[04-Aug-2025 15:28:06 Asia/Kathmandu] Classes included successfully
[04-Aug-2025 15:28:06 Asia/Kathmandu] === SIGNUP_ENHANCED.PHP STARTED ===
[04-Aug-2025 15:28:06 Asia/Kathmandu] Header included successfully
[04-Aug-2025 15:29:40 Asia/Kathmandu] Classes included successfully
[04-Aug-2025 15:29:40 Asia/Kathmandu] === SIGNUP_ENHANCED.PHP STARTED ===
[04-Aug-2025 15:29:40 Asia/Kathmandu] Header included successfully
[04-Aug-2025 15:30:14 Asia/Kathmandu] Classes included successfully
[04-Aug-2025 15:30:14 Asia/Kathmandu] === SIGNUP_ENHANCED.PHP STARTED ===
[04-Aug-2025 15:30:14 Asia/Kathmandu] Header included successfully
[04-Aug-2025 15:30:14 Asia/Kathmandu] === FORM SUBMISSION DETECTED ===
[04-Aug-2025 15:30:14 Asia/Kathmandu] POST data: Array
(
    [fname] => Komala
    [lname] => Adhinka
    [username] => koma1212
    [email] => jaiswalharry51@gmail.com
    [cellno] => 9883264238
    [password] => 123456
    [cnf_password] => 123456
    [level] => 2
    [address] => bhaktapur,nepal
    [citizenship_id] => 389275689234
    [register] => 
)

[04-Aug-2025 15:30:14 Asia/Kathmandu] Validation passed - initiating email verification
[04-Aug-2025 15:30:14 Asia/Kathmandu] Creating pending verification - Email: jaiswalharry51@gmail.com, Created: 2025-08-04 15:30:14, Pending Expires: 2025-08-04 17:30:14, OTP Expires: 2025-08-04 15:50:14
[04-Aug-2025 15:30:14 Asia/Kathmandu] OTP Insert Query: INSERT INTO tbl_otp (email, otp, purpose, created_at, expires_at, is_used) 
                         VALUES ('jaiswalharry51@gmail.com', 
                                '416706', 
                                'registration', 
                                '2025-08-04 15:30:14', 
                                '2025-08-04 15:50:14',
                                0)
[04-Aug-2025 15:30:15 Asia/Kathmandu] OTP Insert Result: SUCCESS
[04-Aug-2025 15:30:58 Asia/Kathmandu] Classes included successfully
[04-Aug-2025 15:30:58 Asia/Kathmandu] === SIGNUP_ENHANCED.PHP STARTED ===
[04-Aug-2025 15:30:58 Asia/Kathmandu] Header included successfully
[04-Aug-2025 15:30:58 Asia/Kathmandu] === OTP VERIFICATION ATTEMPT ===
[04-Aug-2025 15:30:58 Asia/Kathmandu] Email: jaiswalharry51@gmail.com, OTP: 416706
[04-Aug-2025 15:30:58 Asia/Kathmandu] verifyOTPAndCreateAccount called - Email: jaiswalharry51@gmail.com, OTP: 416706
[04-Aug-2025 15:30:58 Asia/Kathmandu] Checking pending verification: SELECT * FROM tbl_pending_verification 
                        WHERE email = 'jaiswalharry51@gmail.com' 
                        AND expires_at > '2025-08-04 15:30:58'
                        AND is_verified = 0
                        ORDER BY created_at DESC LIMIT 1
[04-Aug-2025 15:30:58 Asia/Kathmandu] Found pending verification - Token: 3789adc6bd...
[04-Aug-2025 15:30:58 Asia/Kathmandu] Checking OTP: SELECT * FROM tbl_otp 
                    WHERE email = 'jaiswalharry51@gmail.com' 
                    AND otp = '416706' 
                    AND purpose = 'registration' 
                    AND expires_at > '2025-08-04 15:30:58'
                    ORDER BY created_at DESC LIMIT 1
[04-Aug-2025 15:30:58 Asia/Kathmandu] Marked OTP as used for email: jaiswalharry51@gmail.com
[04-Aug-2025 15:30:58 Asia/Kathmandu] Creating user account with query: INSERT INTO tbl_user(firstName, lastName, userName, userImg, userEmail, cellNo, phoneNo, userAddress, userPass, confPass, userLevel, userStatus) 
                     VALUES('Komala',
                            'Adhinka',
                            'koma1212',
                            '',
                            'jaiswalharry51@gmail.com',
                            '9883264238',
                            '',
                            'bhaktapur,nepal',
                            'e10adc3949ba59abbe56e057f20f883e',
                            'e10adc3949ba59abbe56e057f20f883e',
                            '2',
                            0)
[04-Aug-2025 15:30:58 Asia/Kathmandu] Storing user documents - User ID: 1, Email: jaiswalharry51@gmail.com, Username: koma1212, Type: owner, Citizenship ID: 
[04-Aug-2025 15:30:58 Asia/Kathmandu] Insert Query: INSERT INTO tbl_user_verification (user_id, email, userName, user_level, user_type, citizenship_id, citizenship_front, citizenship_back, business_license, verification_status, submitted_at) 
                       VALUES (1, 
                              'jaiswalharry51@gmail.com',
                              'koma1212',
                              2,
                              'owner', 
                              '',
                              NULL, 
                              NULL, 
                              NULL, 
                              'pending', 
                              NOW())
[04-Aug-2025 15:30:58 Asia/Kathmandu] Insert Result: SUCCESS
[04-Aug-2025 16:33:21 Asia/Kathmandu] Classes included successfully
[04-Aug-2025 16:33:21 Asia/Kathmandu] === SIGNUP_ENHANCED.PHP STARTED ===
[04-Aug-2025 16:33:22 Asia/Kathmandu] Header included successfully
[04-Aug-2025 16:35:10 Asia/Kathmandu] Classes included successfully
[04-Aug-2025 16:35:10 Asia/Kathmandu] === SIGNUP_ENHANCED.PHP STARTED ===
[04-Aug-2025 16:35:10 Asia/Kathmandu] Header included successfully
[04-Aug-2025 16:35:10 Asia/Kathmandu] === FORM SUBMISSION DETECTED ===
[04-Aug-2025 16:35:10 Asia/Kathmandu] POST data: Array
(
    [fname] => Komala
    [lname] => Adhinka
    [username] => kkk34
    [email] => jaiswalharry51@gmail.com
    [cellno] => 9883264238
    [password] => 123456
    [cnf_password] => 123456
    [level] => 2
    [address] => bhaktapur,nepal
    [citizenship_id] => 2973797234782
    [register] => 
)

[04-Aug-2025 16:35:10 Asia/Kathmandu] Validation passed - initiating email verification
[04-Aug-2025 16:35:10 Asia/Kathmandu] Creating pending verification - Email: jaiswalharry51@gmail.com, Created: 2025-08-04 16:35:10, Pending Expires: 2025-08-04 18:35:10, OTP Expires: 2025-08-04 16:55:10
[04-Aug-2025 16:35:10 Asia/Kathmandu] OTP Insert Query: INSERT INTO tbl_otp (email, otp, purpose, created_at, expires_at, is_used) 
                         VALUES ('jaiswalharry51@gmail.com', 
                                '891178', 
                                'registration', 
                                '2025-08-04 16:35:10', 
                                '2025-08-04 16:55:10',
                                0)
[04-Aug-2025 16:35:10 Asia/Kathmandu] OTP Insert Result: SUCCESS
[04-Aug-2025 16:35:50 Asia/Kathmandu] Classes included successfully
[04-Aug-2025 16:35:50 Asia/Kathmandu] === SIGNUP_ENHANCED.PHP STARTED ===
[04-Aug-2025 16:35:50 Asia/Kathmandu] Header included successfully
[04-Aug-2025 16:35:50 Asia/Kathmandu] === OTP VERIFICATION ATTEMPT ===
[04-Aug-2025 16:35:50 Asia/Kathmandu] Email: jaiswalharry51@gmail.com, OTP: 891178
[04-Aug-2025 16:35:50 Asia/Kathmandu] verifyOTPAndCreateAccount called - Email: jaiswalharry51@gmail.com, OTP: 891178
[04-Aug-2025 16:35:50 Asia/Kathmandu] Checking pending verification: SELECT * FROM tbl_pending_verification 
                        WHERE email = 'jaiswalharry51@gmail.com' 
                        AND expires_at > '2025-08-04 16:35:50'
                        AND is_verified = 0
                        ORDER BY created_at DESC LIMIT 1
[04-Aug-2025 16:35:50 Asia/Kathmandu] Found pending verification - Token: 5b3ff3aef2...
[04-Aug-2025 16:35:50 Asia/Kathmandu] Checking OTP: SELECT * FROM tbl_otp 
                    WHERE email = 'jaiswalharry51@gmail.com' 
                    AND otp = '891178' 
                    AND purpose = 'registration' 
                    AND expires_at > '2025-08-04 16:35:50'
                    ORDER BY created_at DESC LIMIT 1
[04-Aug-2025 16:35:50 Asia/Kathmandu] Marked OTP as used for email: jaiswalharry51@gmail.com
[04-Aug-2025 16:35:50 Asia/Kathmandu] Creating user account with query: INSERT INTO tbl_user(firstName, lastName, userName, userImg, userEmail, cellNo, phoneNo, userAddress, userPass, confPass, userLevel, userStatus) 
                     VALUES('Komala',
                            'Adhinka',
                            'kkk34',
                            '',
                            'jaiswalharry51@gmail.com',
                            '9883264238',
                            '',
                            'bhaktapur,nepal',
                            'e10adc3949ba59abbe56e057f20f883e',
                            'e10adc3949ba59abbe56e057f20f883e',
                            '2',
                            0)
[04-Aug-2025 16:35:50 Asia/Kathmandu] Storing user documents - User ID: 1, Email: jaiswalharry51@gmail.com, Username: kkk34, Type: owner, Citizenship ID: 
[04-Aug-2025 16:35:50 Asia/Kathmandu] Insert Query: INSERT INTO tbl_user_verification (user_id, email, userName, user_level, user_type, citizenship_id, citizenship_front, citizenship_back, business_license, verification_status, submitted_at) 
                       VALUES (1, 
                              'jaiswalharry51@gmail.com',
                              'kkk34',
                              2,
                              'owner', 
                              '',
                              NULL, 
                              NULL, 
                              NULL, 
                              'pending', 
                              NOW())
[04-Aug-2025 16:35:50 Asia/Kathmandu] Insert Result: SUCCESS
[04-Aug-2025 17:37:29 Asia/Kathmandu] Classes included successfully
[04-Aug-2025 17:37:29 Asia/Kathmandu] === SIGNUP_ENHANCED.PHP STARTED ===
[04-Aug-2025 17:37:29 Asia/Kathmandu] Header included successfully
[04-Aug-2025 17:38:03 Asia/Kathmandu] Classes included successfully
[04-Aug-2025 17:38:03 Asia/Kathmandu] === SIGNUP_ENHANCED.PHP STARTED ===
[04-Aug-2025 17:38:04 Asia/Kathmandu] Header included successfully
[04-Aug-2025 17:38:53 Asia/Kathmandu] Classes included successfully
[04-Aug-2025 17:38:53 Asia/Kathmandu] === SIGNUP_ENHANCED.PHP STARTED ===
[04-Aug-2025 17:38:53 Asia/Kathmandu] Header included successfully
[04-Aug-2025 17:38:53 Asia/Kathmandu] === FORM SUBMISSION DETECTED ===
[04-Aug-2025 17:38:53 Asia/Kathmandu] POST data: Array
(
    [fname] => Komala
    [lname] => Adhinka
    [username] => kkkk221
    [email] => jaiswalharry51@gmail.com
    [cellno] => 9883264238
    [password] => 123456
    [cnf_password] => 123456
    [level] => 3
    [address] => plpoiuytsdfghjkl
    [citizenship_id] => 2973797234782
    [register] => 
)

[04-Aug-2025 17:38:53 Asia/Kathmandu] Validation passed - initiating email verification
[04-Aug-2025 17:38:53 Asia/Kathmandu] Creating pending verification - Email: jaiswalharry51@gmail.com, Created: 2025-08-04 17:38:53, Pending Expires: 2025-08-04 19:38:53, OTP Expires: 2025-08-04 17:58:53
[04-Aug-2025 17:38:53 Asia/Kathmandu] OTP Insert Query: INSERT INTO tbl_otp (email, otp, purpose, created_at, expires_at, is_used) 
                         VALUES ('jaiswalharry51@gmail.com', 
                                '581142', 
                                'registration', 
                                '2025-08-04 17:38:53', 
                                '2025-08-04 17:58:53',
                                0)
[04-Aug-2025 17:38:53 Asia/Kathmandu] OTP Insert Result: SUCCESS
[04-Aug-2025 17:39:33 Asia/Kathmandu] Classes included successfully
[04-Aug-2025 17:39:33 Asia/Kathmandu] === SIGNUP_ENHANCED.PHP STARTED ===
[04-Aug-2025 17:39:33 Asia/Kathmandu] Header included successfully
[04-Aug-2025 17:39:33 Asia/Kathmandu] === OTP VERIFICATION ATTEMPT ===
[04-Aug-2025 17:39:33 Asia/Kathmandu] Email: jaiswalharry51@gmail.com, OTP: 581142
[04-Aug-2025 17:39:33 Asia/Kathmandu] verifyOTPAndCreateAccount called - Email: jaiswalharry51@gmail.com, OTP: 581142
[04-Aug-2025 17:39:33 Asia/Kathmandu] Checking pending verification: SELECT * FROM tbl_pending_verification 
                        WHERE email = 'jaiswalharry51@gmail.com' 
                        AND expires_at > '2025-08-04 17:39:33'
                        AND is_verified = 0
                        ORDER BY created_at DESC LIMIT 1
[04-Aug-2025 17:39:33 Asia/Kathmandu] Found pending verification - Token: ced5e7d0fe...
[04-Aug-2025 17:39:33 Asia/Kathmandu] Checking OTP: SELECT * FROM tbl_otp 
                    WHERE email = 'jaiswalharry51@gmail.com' 
                    AND otp = '581142' 
                    AND purpose = 'registration' 
                    AND expires_at > '2025-08-04 17:39:33'
                    ORDER BY created_at DESC LIMIT 1
[04-Aug-2025 17:39:33 Asia/Kathmandu] Marked OTP as used for email: jaiswalharry51@gmail.com
[04-Aug-2025 17:39:33 Asia/Kathmandu] Creating user account with query: INSERT INTO tbl_user(firstName, lastName, userName, userImg, userEmail, cellNo, phoneNo, userAddress, userPass, confPass, userLevel, userStatus) 
                     VALUES('Komala',
                            'Adhinka',
                            'kkkk221',
                            '',
                            'jaiswalharry51@gmail.com',
                            '9883264238',
                            '',
                            'plpoiuytsdfghjkl',
                            'e10adc3949ba59abbe56e057f20f883e',
                            'e10adc3949ba59abbe56e057f20f883e',
                            '3',
                            0)
[04-Aug-2025 17:39:33 Asia/Kathmandu] Storing user documents - User ID: 1, Email: jaiswalharry51@gmail.com, Username: kkkk221, Type: Agent, Level: 3
[04-Aug-2025 17:39:33 Asia/Kathmandu] Insert Query: INSERT INTO tbl_user_verification (user_id, email, userName, user_level, user_type, citizenship_id, citizenship_front, citizenship_back, business_license, verification_status, submitted_at) 
                       VALUES (1, 
                              'jaiswalharry51@gmail.com',
                              'kkkk221',
                              3,
                              'Agent', 
                              '',
                              NULL, 
                              NULL, 
                              NULL, 
                              'pending', 
                              NOW())
[04-Aug-2025 17:39:33 Asia/Kathmandu] Insert Result: SUCCESS - Verification ID: 1
[04-Aug-2025 17:39:33 Asia/Kathmandu] SUCCESS: User 1 now requires admin verification. Record created with verification_id: 1
[04-Aug-2025 17:48:23 Asia/Kathmandu] Classes included successfully
[04-Aug-2025 17:48:23 Asia/Kathmandu] === SIGNUP_ENHANCED.PHP STARTED ===
[04-Aug-2025 17:48:23 Asia/Kathmandu] Header included successfully
[04-Aug-2025 17:48:49 Asia/Kathmandu] Classes included successfully
[04-Aug-2025 17:48:49 Asia/Kathmandu] === SIGNUP_ENHANCED.PHP STARTED ===
[04-Aug-2025 17:48:49 Asia/Kathmandu] Header included successfully
[04-Aug-2025 17:49:37 Asia/Kathmandu] Classes included successfully
[04-Aug-2025 17:49:37 Asia/Kathmandu] === SIGNUP_ENHANCED.PHP STARTED ===
[04-Aug-2025 17:49:37 Asia/Kathmandu] Header included successfully
[04-Aug-2025 17:49:37 Asia/Kathmandu] === FORM SUBMISSION DETECTED ===
[04-Aug-2025 17:49:37 Asia/Kathmandu] POST data: Array
(
    [fname] => Komala
    [lname] => Adhinka
    [username] => komal
    [email] => jaiswalharry51@gmail.com
    [cellno] => 9883264238
    [password] => 123456
    [cnf_password] => 123456
    [level] => 2
    [address] => bhaktapur,nepal
    [citizenship_id] => 7654
    [register] => 
)

[04-Aug-2025 17:49:37 Asia/Kathmandu] Validation passed - initiating email verification
[04-Aug-2025 17:49:37 Asia/Kathmandu] Creating pending verification - Email: jaiswalharry51@gmail.com, Created: 2025-08-04 17:49:37, Pending Expires: 2025-08-04 19:49:37, OTP Expires: 2025-08-04 18:09:37
[04-Aug-2025 17:49:37 Asia/Kathmandu] OTP Insert Query: INSERT INTO tbl_otp (email, otp, purpose, created_at, expires_at, is_used) 
                         VALUES ('jaiswalharry51@gmail.com', 
                                '269163', 
                                'registration', 
                                '2025-08-04 17:49:37', 
                                '2025-08-04 18:09:37',
                                0)
[04-Aug-2025 17:49:37 Asia/Kathmandu] OTP Insert Result: SUCCESS
[04-Aug-2025 17:50:27 Asia/Kathmandu] Classes included successfully
[04-Aug-2025 17:50:27 Asia/Kathmandu] === SIGNUP_ENHANCED.PHP STARTED ===
[04-Aug-2025 17:50:27 Asia/Kathmandu] Header included successfully
[04-Aug-2025 17:50:27 Asia/Kathmandu] === OTP VERIFICATION ATTEMPT ===
[04-Aug-2025 17:50:27 Asia/Kathmandu] Email: jaiswalharry51@gmail.com, OTP: 269163
[04-Aug-2025 17:50:27 Asia/Kathmandu] verifyOTPAndCreateAccount called - Email: jaiswalharry51@gmail.com, OTP: 269163
[04-Aug-2025 17:50:27 Asia/Kathmandu] Checking pending verification: SELECT * FROM tbl_pending_verification 
                        WHERE email = 'jaiswalharry51@gmail.com' 
                        AND expires_at > '2025-08-04 17:50:27'
                        AND is_verified = 0
                        ORDER BY created_at DESC LIMIT 1
[04-Aug-2025 17:50:27 Asia/Kathmandu] Found pending verification - Token: 1454c11fa9...
[04-Aug-2025 17:50:27 Asia/Kathmandu] Checking OTP: SELECT * FROM tbl_otp 
                    WHERE email = 'jaiswalharry51@gmail.com' 
                    AND otp = '269163' 
                    AND purpose = 'registration' 
                    AND expires_at > '2025-08-04 17:50:27'
                    ORDER BY created_at DESC LIMIT 1
[04-Aug-2025 17:50:27 Asia/Kathmandu] Marked OTP as used for email: jaiswalharry51@gmail.com
[04-Aug-2025 17:50:27 Asia/Kathmandu] Creating user account with query: INSERT INTO tbl_user(firstName, lastName, userName, userImg, userEmail, cellNo, phoneNo, userAddress, userPass, confPass, userLevel, userStatus) 
                     VALUES('Komala',
                            'Adhinka',
                            'komal',
                            '',
                            'jaiswalharry51@gmail.com',
                            '9883264238',
                            '',
                            'bhaktapur,nepal',
                            'e10adc3949ba59abbe56e057f20f883e',
                            'e10adc3949ba59abbe56e057f20f883e',
                            '2',
                            0)
[04-Aug-2025 17:50:27 Asia/Kathmandu] Storing user documents - User ID: 1, Email: jaiswalharry51@gmail.com, Username: komal, Type: Owner, Level: 2
[04-Aug-2025 17:50:27 Asia/Kathmandu] Insert Query: INSERT INTO tbl_user_verification (user_id, email, userName, user_level, user_type, citizenship_id, citizenship_front, citizenship_back, business_license, verification_status, submitted_at) 
                       VALUES (1, 
                              'jaiswalharry51@gmail.com',
                              'komal',
                              2,
                              'Owner', 
                              '',
                              NULL, 
                              NULL, 
                              NULL, 
                              'pending', 
                              NOW())
[04-Aug-2025 17:50:27 Asia/Kathmandu] Insert Result: SUCCESS - Verification ID: 1
[04-Aug-2025 17:50:27 Asia/Kathmandu] SUCCESS: User 1 now requires admin verification. Record created with verification_id: 1
[04-Aug-2025 18:04:53 Asia/Kathmandu] Classes included successfully
[04-Aug-2025 18:04:53 Asia/Kathmandu] === SIGNUP_ENHANCED.PHP STARTED ===
[04-Aug-2025 18:04:53 Asia/Kathmandu] Header included successfully
[04-Aug-2025 18:05:36 Asia/Kathmandu] Classes included successfully
[04-Aug-2025 18:05:36 Asia/Kathmandu] === SIGNUP_ENHANCED.PHP STARTED ===
[04-Aug-2025 18:05:36 Asia/Kathmandu] Header included successfully
[04-Aug-2025 18:05:36 Asia/Kathmandu] === FORM SUBMISSION DETECTED ===
[04-Aug-2025 18:05:36 Asia/Kathmandu] POST data: Array
(
    [fname] => Komala
    [lname] => Adhinka
    [username] => kkkk221
    [email] => jaiswalharry51@gmail.com
    [cellno] => 9883264238
    [password] => 123456
    [cnf_password] => 123456
    [level] => 2
    [address] => bhaktapur,nepal
    [citizenship_id] => 923875423894
    [register] => 
)

[04-Aug-2025 18:05:36 Asia/Kathmandu] Validation passed - initiating email verification
[04-Aug-2025 18:05:36 Asia/Kathmandu] Creating pending verification - Email: jaiswalharry51@gmail.com, Created: 2025-08-04 18:05:36, Pending Expires: 2025-08-04 20:05:36, OTP Expires: 2025-08-04 18:25:36
[04-Aug-2025 18:05:36 Asia/Kathmandu] OTP Insert Query: INSERT INTO tbl_otp (email, otp, purpose, created_at, expires_at, is_used) 
                         VALUES ('jaiswalharry51@gmail.com', 
                                '958407', 
                                'registration', 
                                '2025-08-04 18:05:36', 
                                '2025-08-04 18:25:36',
                                0)
[04-Aug-2025 18:05:36 Asia/Kathmandu] OTP Insert Result: SUCCESS
[04-Aug-2025 18:06:21 Asia/Kathmandu] Classes included successfully
[04-Aug-2025 18:06:21 Asia/Kathmandu] === SIGNUP_ENHANCED.PHP STARTED ===
[04-Aug-2025 18:06:21 Asia/Kathmandu] Header included successfully
[04-Aug-2025 18:06:21 Asia/Kathmandu] === OTP VERIFICATION ATTEMPT ===
[04-Aug-2025 18:06:21 Asia/Kathmandu] Email: jaiswalharry51@gmail.com, OTP: 958407
[04-Aug-2025 18:06:21 Asia/Kathmandu] verifyOTPAndCreateAccount called - Email: jaiswalharry51@gmail.com, OTP: 958407
[04-Aug-2025 18:06:21 Asia/Kathmandu] Checking pending verification: SELECT * FROM tbl_pending_verification 
                        WHERE email = 'jaiswalharry51@gmail.com' 
                        AND expires_at > '2025-08-04 18:06:21'
                        AND is_verified = 0
                        ORDER BY created_at DESC LIMIT 1
[04-Aug-2025 18:06:21 Asia/Kathmandu] Found pending verification - Token: caf245d0fb...
[04-Aug-2025 18:06:21 Asia/Kathmandu] Checking OTP: SELECT * FROM tbl_otp 
                    WHERE email = 'jaiswalharry51@gmail.com' 
                    AND otp = '958407' 
                    AND purpose = 'registration' 
                    AND expires_at > '2025-08-04 18:06:21'
                    ORDER BY created_at DESC LIMIT 1
[04-Aug-2025 18:06:21 Asia/Kathmandu] Marked OTP as used for email: jaiswalharry51@gmail.com
[04-Aug-2025 18:06:21 Asia/Kathmandu] Creating user account with query: INSERT INTO tbl_user(firstName, lastName, userName, userImg, userEmail, cellNo, phoneNo, userAddress, userPass, confPass, userLevel, userStatus) 
                     VALUES('Komala',
                            'Adhinka',
                            'kkkk221',
                            '',
                            'jaiswalharry51@gmail.com',
                            '9883264238',
                            '',
                            'bhaktapur,nepal',
                            'e10adc3949ba59abbe56e057f20f883e',
                            'e10adc3949ba59abbe56e057f20f883e',
                            '2',
                            0)
[04-Aug-2025 18:06:21 Asia/Kathmandu] Storing user documents - User ID: 1, Email: jaiswalharry51@gmail.com, Username: kkkk221, Type: Owner, Level: 2
[04-Aug-2025 18:06:21 Asia/Kathmandu] Insert Query: INSERT INTO tbl_user_verification (user_id, email, userName, user_level, user_type, citizenship_id, citizenship_front, citizenship_back, business_license, verification_status, submitted_at) 
                       VALUES (1, 
                              'jaiswalharry51@gmail.com',
                              'kkkk221',
                              2,
                              'Owner', 
                              '',
                              NULL, 
                              NULL, 
                              NULL, 
                              'pending', 
                              NOW())
[04-Aug-2025 18:06:21 Asia/Kathmandu] Insert Result: SUCCESS - Verification ID: 1
[04-Aug-2025 18:06:21 Asia/Kathmandu] SUCCESS: User 1 now requires admin verification. Record created with verification_id: 1
[04-Aug-2025 18:16:07 Asia/Kathmandu] Classes included successfully
[04-Aug-2025 18:16:07 Asia/Kathmandu] === SIGNUP_ENHANCED.PHP STARTED ===
[04-Aug-2025 18:16:07 Asia/Kathmandu] Header included successfully
[04-Aug-2025 18:17:01 Asia/Kathmandu] Classes included successfully
[04-Aug-2025 18:17:01 Asia/Kathmandu] === SIGNUP_ENHANCED.PHP STARTED ===
[04-Aug-2025 18:17:01 Asia/Kathmandu] Header included successfully
[04-Aug-2025 18:17:01 Asia/Kathmandu] === FORM SUBMISSION DETECTED ===
[04-Aug-2025 18:17:01 Asia/Kathmandu] POST data: Array
(
    [fname] => Komala
    [lname] => Adhinka
    [username] => kkkk221
    [email] => jaiswalharry51@gmail.com
    [cellno] => 9883264238
    [password] => 123456
    [cnf_password] => 123456
    [level] => 2
    [address] => nayabazar,kathmandu
    [citizenship_id] => 14329748123
    [register] => 
)

[04-Aug-2025 18:17:01 Asia/Kathmandu] Validation passed - initiating email verification
[04-Aug-2025 18:17:01 Asia/Kathmandu] Creating pending verification - Email: jaiswalharry51@gmail.com, Created: 2025-08-04 18:17:01, Pending Expires: 2025-08-04 20:17:01, OTP Expires: 2025-08-04 18:37:01
[04-Aug-2025 18:17:01 Asia/Kathmandu] OTP Insert Query: INSERT INTO tbl_otp (email, otp, purpose, created_at, expires_at, is_used) 
                         VALUES ('jaiswalharry51@gmail.com', 
                                '603747', 
                                'registration', 
                                '2025-08-04 18:17:01', 
                                '2025-08-04 18:37:01',
                                0)
[04-Aug-2025 18:17:01 Asia/Kathmandu] OTP Insert Result: SUCCESS
[04-Aug-2025 18:17:40 Asia/Kathmandu] Classes included successfully
[04-Aug-2025 18:17:40 Asia/Kathmandu] === SIGNUP_ENHANCED.PHP STARTED ===
[04-Aug-2025 18:17:40 Asia/Kathmandu] Header included successfully
[04-Aug-2025 18:17:41 Asia/Kathmandu] === OTP VERIFICATION ATTEMPT ===
[04-Aug-2025 18:17:41 Asia/Kathmandu] Email: jaiswalharry51@gmail.com, OTP: 603747
[04-Aug-2025 18:17:41 Asia/Kathmandu] verifyOTPAndCreateAccount called - Email: jaiswalharry51@gmail.com, OTP: 603747
[04-Aug-2025 18:17:41 Asia/Kathmandu] Checking pending verification: SELECT * FROM tbl_pending_verification 
                        WHERE email = 'jaiswalharry51@gmail.com' 
                        AND expires_at > '2025-08-04 18:17:41'
                        AND is_verified = 0
                        ORDER BY created_at DESC LIMIT 1
[04-Aug-2025 18:17:41 Asia/Kathmandu] Found pending verification - Token: b0cadff4cc...
[04-Aug-2025 18:17:41 Asia/Kathmandu] Checking OTP: SELECT * FROM tbl_otp 
                    WHERE email = 'jaiswalharry51@gmail.com' 
                    AND otp = '603747' 
                    AND purpose = 'registration' 
                    AND expires_at > '2025-08-04 18:17:41'
                    ORDER BY created_at DESC LIMIT 1
[04-Aug-2025 18:17:41 Asia/Kathmandu] Marked OTP as used for email: jaiswalharry51@gmail.com
[04-Aug-2025 18:17:41 Asia/Kathmandu] Creating user account with query: INSERT INTO tbl_user(firstName, lastName, userName, userImg, userEmail, cellNo, phoneNo, userAddress, userPass, confPass, userLevel, userStatus) 
                     VALUES('Komala',
                            'Adhinka',
                            'kkkk221',
                            '',
                            'jaiswalharry51@gmail.com',
                            '9883264238',
                            '',
                            'nayabazar,kathmandu',
                            'e10adc3949ba59abbe56e057f20f883e',
                            'e10adc3949ba59abbe56e057f20f883e',
                            '2',
                            0)
[04-Aug-2025 18:17:41 Asia/Kathmandu] Storing user documents - User ID: 1, Email: jaiswalharry51@gmail.com, Username: kkkk221, Type: Owner, Level: 2
[04-Aug-2025 18:17:41 Asia/Kathmandu] Insert Query: INSERT INTO tbl_user_verification (user_id, email, userName, user_level, user_type, citizenship_id, citizenship_front, citizenship_back, business_license, verification_status, submitted_at) 
                       VALUES (1, 
                              'jaiswalharry51@gmail.com',
                              'kkkk221',
                              2,
                              'Owner', 
                              '',
                              NULL, 
                              NULL, 
                              NULL, 
                              'pending', 
                              NOW())
[04-Aug-2025 18:17:41 Asia/Kathmandu] Insert Result: SUCCESS - Verification ID: 1
[04-Aug-2025 18:17:41 Asia/Kathmandu] SUCCESS: User 1 now requires admin verification. Record created with verification_id: 1
[04-Aug-2025 18:24:20 Asia/Kathmandu] Classes included successfully
[04-Aug-2025 18:24:20 Asia/Kathmandu] === SIGNUP_ENHANCED.PHP STARTED ===
[04-Aug-2025 18:24:20 Asia/Kathmandu] Header included successfully
[04-Aug-2025 18:30:36 Asia/Kathmandu] Classes included successfully
[04-Aug-2025 18:30:36 Asia/Kathmandu] === SIGNUP_ENHANCED.PHP STARTED ===
[04-Aug-2025 18:30:37 Asia/Kathmandu] Header included successfully
[04-Aug-2025 18:31:39 Asia/Kathmandu] Classes included successfully
[04-Aug-2025 18:31:39 Asia/Kathmandu] === SIGNUP_ENHANCED.PHP STARTED ===
[04-Aug-2025 18:31:39 Asia/Kathmandu] Header included successfully
[04-Aug-2025 18:31:39 Asia/Kathmandu] === FORM SUBMISSION DETECTED ===
[04-Aug-2025 18:31:39 Asia/Kathmandu] POST data: Array
(
    [fname] => Surendra
    [lname] => Shrestha
    [username] => surendras
    [email] => thekomalad@gmail.com
    [cellno] => 9876543765
    [password] => 7654321
    [cnf_password] => 7654321
    [level] => 2
    [address] => nayabazar,kathmandu
    [citizenship_id] => 9876543
    [register] => 
)

[04-Aug-2025 18:31:39 Asia/Kathmandu] Validation passed - initiating email verification
[04-Aug-2025 18:31:39 Asia/Kathmandu] Creating pending verification - Email: thekomalad@gmail.com, Created: 2025-08-04 18:31:39, Pending Expires: 2025-08-04 20:31:39, OTP Expires: 2025-08-04 18:51:39
[04-Aug-2025 18:31:39 Asia/Kathmandu] OTP Insert Query: INSERT INTO tbl_otp (email, otp, purpose, created_at, expires_at, is_used) 
                         VALUES ('thekomalad@gmail.com', 
                                '422885', 
                                'registration', 
                                '2025-08-04 18:31:39', 
                                '2025-08-04 18:51:39',
                                0)
[04-Aug-2025 18:31:39 Asia/Kathmandu] OTP Insert Result: SUCCESS
[04-Aug-2025 18:32:06 Asia/Kathmandu] Classes included successfully
[04-Aug-2025 18:32:06 Asia/Kathmandu] === SIGNUP_ENHANCED.PHP STARTED ===
[04-Aug-2025 18:32:06 Asia/Kathmandu] Header included successfully
[04-Aug-2025 18:32:06 Asia/Kathmandu] === OTP VERIFICATION ATTEMPT ===
[04-Aug-2025 18:32:06 Asia/Kathmandu] Email: thekomalad@gmail.com, OTP: 422885
[04-Aug-2025 18:32:06 Asia/Kathmandu] verifyOTPAndCreateAccount called - Email: thekomalad@gmail.com, OTP: 422885
[04-Aug-2025 18:32:06 Asia/Kathmandu] Checking pending verification: SELECT * FROM tbl_pending_verification 
                        WHERE email = 'thekomalad@gmail.com' 
                        AND expires_at > '2025-08-04 18:32:06'
                        AND is_verified = 0
                        ORDER BY created_at DESC LIMIT 1
[04-Aug-2025 18:32:06 Asia/Kathmandu] Found pending verification - Token: 822f548431...
[04-Aug-2025 18:32:06 Asia/Kathmandu] Checking OTP: SELECT * FROM tbl_otp 
                    WHERE email = 'thekomalad@gmail.com' 
                    AND otp = '422885' 
                    AND purpose = 'registration' 
                    AND expires_at > '2025-08-04 18:32:06'
                    ORDER BY created_at DESC LIMIT 1
[04-Aug-2025 18:32:06 Asia/Kathmandu] Marked OTP as used for email: thekomalad@gmail.com
[04-Aug-2025 18:32:06 Asia/Kathmandu] Creating user account with query: INSERT INTO tbl_user(firstName, lastName, userName, userImg, userEmail, cellNo, phoneNo, userAddress, userPass, confPass, userLevel, userStatus) 
                     VALUES('Surendra',
                            'Shrestha',
                            'surendras',
                            '',
                            'thekomalad@gmail.com',
                            '9876543765',
                            '',
                            'nayabazar,kathmandu',
                            'f0898af949a373e72a4f6a34b4de9090',
                            'f0898af949a373e72a4f6a34b4de9090',
                            '2',
                            0)
[04-Aug-2025 18:32:06 Asia/Kathmandu] Storing user documents - User ID: 1, Email: thekomalad@gmail.com, Username: surendras, Type: Owner, Level: 2
[04-Aug-2025 18:32:06 Asia/Kathmandu] Insert Query: INSERT INTO tbl_user_verification (user_id, email, userName, user_level, user_type, citizenship_id, citizenship_front, citizenship_back, business_license, verification_status, submitted_at) 
                       VALUES (1, 
                              'thekomalad@gmail.com',
                              'surendras',
                              2,
                              'Owner', 
                              '',
                              NULL, 
                              NULL, 
                              NULL, 
                              'pending', 
                              NOW())
[04-Aug-2025 18:32:06 Asia/Kathmandu] Insert Result: SUCCESS - Verification ID: 1
[04-Aug-2025 18:32:06 Asia/Kathmandu] SUCCESS: User 1 now requires admin verification. Record created with verification_id: 1
